Using pre-set license
Built from '2020.3/staging' branch; Version is '2020.3.8f1 (507919d4fff5) revision 5273881'; Using compiler version '192528614'; Build Type 'Release'
OS: 'Windows 10 Pro; OS build 19042.985; Version 2009; 64bit' Language: 'pt' Physical Memory: 8136 MB
BatchMode: 1, IsHumanControllingUs: 0, StartBugReporterOnCrash: 0, Is64bit: 1, IsPro: 0

 COMMAND LINE ARGUMENTS:
C:\Program Files\Unity\Hub\Editor\2020.3.8f1\Editor\Unity.exe
-adb2
-batchMode
-noUpm
-name
AssetImportWorker0
-projectPath
C:/Projeto/Kalizar/ProjetoAC2
-logFile
Logs/AssetImportWorker0.log
-srvPort
60306
Successfully changed project path to: C:/Projeto/Kalizar/ProjetoAC2
C:/Projeto/Kalizar/ProjetoAC2
Using Asset Import Pipeline V2.
Refreshing native plugins compatible for Editor in 27.98 ms, found 0 plugins.
Preloading 0 native plugins for Editor in 0.00 ms.
Initialize engine version: 2020.3.8f1 (507919d4fff5)
[Subsystems] Discovering subsystems at path C:/Program Files/Unity/Hub/Editor/2020.3.8f1/Editor/Data/Resources/UnitySubsystems
[Subsystems] Discovering subsystems at path C:/Projeto/Kalizar/ProjetoAC2/Assets
GfxDevice: creating device client; threaded=0
Direct3D:
    Version:  Direct3D 11.0 [level 11.0]
    Renderer: NVIDIA GeForce GTX 750 Ti (ID=0x1380)
    Vendor:   
    VRAM:     2007 MB
    Driver:   27.21.14.6611
Initialize mono
Mono path[0] = 'C:/Program Files/Unity/Hub/Editor/2020.3.8f1/Editor/Data/Managed'
Mono path[1] = 'C:/Program Files/Unity/Hub/Editor/2020.3.8f1/Editor/Data/MonoBleedingEdge/lib/mono/unityjit'
Mono config path = 'C:/Program Files/Unity/Hub/Editor/2020.3.8f1/Editor/Data/MonoBleedingEdge/etc'
Using monoOptions --debugger-agent=transport=dt_socket,embedding=1,server=y,suspend=n,address=127.0.0.1:56132
Begin MonoManager ReloadAssembly
Registering precompiled unity dll's ...
Register platform support module: C:/Program Files/Unity/Hub/Editor/2020.3.8f1/Editor/Data/PlaybackEngines/WindowsStandaloneSupport/UnityEditor.WindowsStandalone.Extensions.dll
Registered in 0.002083 seconds.
Native extension for WindowsStandalone target not found
Refreshing native plugins compatible for Editor in 27.44 ms, found 0 plugins.
Preloading 0 native plugins for Editor in 0.00 ms.
Mono: successfully reloaded assembly
- Completed reload, in  2.235 seconds
Platform modules already initialized, skipping
Registering precompiled user dll's ...
Registered in 0.002009 seconds.
Begin MonoManager ReloadAssembly
Native extension for WindowsStandalone target not found
Refreshing native plugins compatible for Editor in 0.32 ms, found 0 plugins.
Preloading 0 native plugins for Editor in 0.00 ms.
Mono: successfully reloaded assembly
- Completed reload, in  0.824 seconds
Platform modules already initialized, skipping
========================================================================
Worker process is ready to serve import requests
Launched and connected shader compiler UnityShaderCompiler.exe after 0.24 seconds
Refreshing native plugins compatible for Editor in 0.25 ms, found 0 plugins.
Preloading 0 native plugins for Editor in 0.00 ms.
Unloading 1306 Unused Serialized files (Serialized files now loaded: 0)
System memory in use before: 142.4 MB.
System memory in use after: 142.5 MB.

Unloading 13 unused Assets to reduce memory usage. Loaded Objects now: 1768.
Total: 1.761500 ms (FindLiveObjects: 0.282500 ms CreateObjectMapping: 0.040100 ms MarkObjects: 1.339800 ms  DeleteObjects: 0.097400 ms)

========================================================================
Received Import Request.
  path: ProjectSettings/TagManager.asset
  artifactKey: Guid(00000000000000003000000000000000) Importer(815301076,1909f56bfc062723c751e8b465ee728b)
Start importing ProjectSettings/TagManager.asset using Guid(00000000000000003000000000000000) Importer(815301076,1909f56bfc062723c751e8b465ee728b)  -> (artifact id: '87e0e39af64fff2d1c6a3a141ad27fd5') in 0.097401 seconds
  Import took 0.113216 seconds .

========================================================================
Received Prepare
Registering precompiled user dll's ...
Registered in 0.001904 seconds.
Begin MonoManager ReloadAssembly
Native extension for WindowsStandalone target not found
Refreshing native plugins compatible for Editor in 0.32 ms, found 0 plugins.
Preloading 0 native plugins for Editor in 0.00 ms.
Mono: successfully reloaded assembly
- Completed reload, in  0.807 seconds
Platform modules already initialized, skipping
Refreshing native plugins compatible for Editor in 0.25 ms, found 0 plugins.
Preloading 0 native plugins for Editor in 0.00 ms.
Unloading 1286 Unused Serialized files (Serialized files now loaded: 0)
System memory in use before: 140.9 MB.
System memory in use after: 141.0 MB.

Unloading 9 unused Assets to reduce memory usage. Loaded Objects now: 1771.
Total: 2.344500 ms (FindLiveObjects: 0.400800 ms CreateObjectMapping: 0.102800 ms MarkObjects: 1.749400 ms  DeleteObjects: 0.089500 ms)

========================================================================
Received Prepare
Registering precompiled user dll's ...
Registered in 0.001709 seconds.
Begin MonoManager ReloadAssembly
Native extension for WindowsStandalone target not found
Refreshing native plugins compatible for Editor in 0.29 ms, found 0 plugins.
Preloading 0 native plugins for Editor in 0.00 ms.
Mono: successfully reloaded assembly
- Completed reload, in  0.813 seconds
Platform modules already initialized, skipping
Refreshing native plugins compatible for Editor in 0.35 ms, found 0 plugins.
Preloading 0 native plugins for Editor in 0.00 ms.
Unloading 1286 Unused Serialized files (Serialized files now loaded: 0)
System memory in use before: 140.9 MB.
System memory in use after: 141.0 MB.

Unloading 8 unused Assets to reduce memory usage. Loaded Objects now: 1774.
Total: 1.579700 ms (FindLiveObjects: 0.124000 ms CreateObjectMapping: 0.041700 ms MarkObjects: 1.340900 ms  DeleteObjects: 0.072300 ms)

========================================================================
Received Prepare
Registering precompiled user dll's ...
Registered in 0.001754 seconds.
Begin MonoManager ReloadAssembly
Native extension for WindowsStandalone target not found
Refreshing native plugins compatible for Editor in 0.25 ms, found 0 plugins.
Preloading 0 native plugins for Editor in 0.00 ms.
Mono: successfully reloaded assembly
- Completed reload, in  0.845 seconds
Platform modules already initialized, skipping
Refreshing native plugins compatible for Editor in 0.24 ms, found 0 plugins.
Preloading 0 native plugins for Editor in 0.00 ms.
Unloading 1286 Unused Serialized files (Serialized files now loaded: 0)
System memory in use before: 140.9 MB.
System memory in use after: 141.0 MB.

Unloading 8 unused Assets to reduce memory usage. Loaded Objects now: 1777.
Total: 1.630200 ms (FindLiveObjects: 0.134100 ms CreateObjectMapping: 0.035600 ms MarkObjects: 1.372400 ms  DeleteObjects: 0.087200 ms)

========================================================================
Received Prepare
Registering precompiled user dll's ...
Registered in 0.002069 seconds.
Begin MonoManager ReloadAssembly
Native extension for WindowsStandalone target not found
Refreshing native plugins compatible for Editor in 0.29 ms, found 0 plugins.
Preloading 0 native plugins for Editor in 0.00 ms.
Mono: successfully reloaded assembly
- Completed reload, in  0.822 seconds
Platform modules already initialized, skipping
Refreshing native plugins compatible for Editor in 0.26 ms, found 0 plugins.
Preloading 0 native plugins for Editor in 0.00 ms.
Unloading 1286 Unused Serialized files (Serialized files now loaded: 0)
System memory in use before: 141.0 MB.
System memory in use after: 141.0 MB.

Unloading 8 unused Assets to reduce memory usage. Loaded Objects now: 1780.
Total: 3.392900 ms (FindLiveObjects: 0.196700 ms CreateObjectMapping: 0.115800 ms MarkObjects: 3.003800 ms  DeleteObjects: 0.074900 ms)

========================================================================
Received Prepare
Registering precompiled user dll's ...
Registered in 0.001789 seconds.
Begin MonoManager ReloadAssembly
Native extension for WindowsStandalone target not found
Refreshing native plugins compatible for Editor in 0.30 ms, found 0 plugins.
Preloading 0 native plugins for Editor in 0.00 ms.
Mono: successfully reloaded assembly
- Completed reload, in  0.814 seconds
Platform modules already initialized, skipping
Refreshing native plugins compatible for Editor in 0.25 ms, found 0 plugins.
Preloading 0 native plugins for Editor in 0.00 ms.
Unloading 1286 Unused Serialized files (Serialized files now loaded: 0)
System memory in use before: 141.0 MB.
System memory in use after: 141.0 MB.

Unloading 8 unused Assets to reduce memory usage. Loaded Objects now: 1783.
Total: 1.613400 ms (FindLiveObjects: 0.145000 ms CreateObjectMapping: 0.047300 ms MarkObjects: 1.351500 ms  DeleteObjects: 0.068800 ms)

========================================================================
Received Import Request.
  Time since last request: 670.699683 seconds.
  path: Assets/Scenes/Level 1.unity
  artifactKey: Guid(9fc0d4010bbf28b4594072e72b8655ab) Importer(815301076,1909f56bfc062723c751e8b465ee728b)
Start importing Assets/Scenes/Level 1.unity using Guid(9fc0d4010bbf28b4594072e72b8655ab) Importer(815301076,1909f56bfc062723c751e8b465ee728b)  -> (artifact id: 'f93d9cf76caae43d516a61d7576d66e0') in 0.059133 seconds
  Import took 0.081664 seconds .

========================================================================
Received Import Request.
  Time since last request: 274.107812 seconds.
  path: Assets/Ultimate 10 Plus Shaders/Scenes/Review/Lightmap-1_comp_light.exr
  artifactKey: Guid(09afb46be1592ea478d06386f06118ad) Importer(815301076,1909f56bfc062723c751e8b465ee728b)
Start importing Assets/Ultimate 10 Plus Shaders/Scenes/Review/Lightmap-1_comp_light.exr using Guid(09afb46be1592ea478d06386f06118ad) Importer(815301076,1909f56bfc062723c751e8b465ee728b)  -> (artifact id: '53798441aba156451cc3ef17d1fa62ca') in 0.342628 seconds
  Import took 0.362111 seconds .

========================================================================
Received Import Request.
  Time since last request: 0.000371 seconds.
  path: Assets/Ultimate 10 Plus Shaders/Materials/Textures/noise1_normal.png
  artifactKey: Guid(d2eac888094a652429c634df007d9ad9) Importer(815301076,1909f56bfc062723c751e8b465ee728b)
Start importing Assets/Ultimate 10 Plus Shaders/Materials/Textures/noise1_normal.png using Guid(d2eac888094a652429c634df007d9ad9) Importer(815301076,1909f56bfc062723c751e8b465ee728b)  -> (artifact id: '24e8ffd8d067fe98f92bfe9682710b60') in 0.166266 seconds
  Import took 0.184766 seconds .

========================================================================
Received Import Request.
  Time since last request: 0.000267 seconds.
  path: Assets/_Barking_Dog/3D Free Modular Kit/_Textures/Normal_01.png
  artifactKey: Guid(5e704b54cc0cc4015add600ce739fb2f) Importer(815301076,1909f56bfc062723c751e8b465ee728b)
Start importing Assets/_Barking_Dog/3D Free Modular Kit/_Textures/Normal_01.png using Guid(5e704b54cc0cc4015add600ce739fb2f) Importer(815301076,1909f56bfc062723c751e8b465ee728b)  -> (artifact id: '9bdbba98d6707ad0ec6aa1090eb0085d') in 0.030446 seconds
  Import took 0.048205 seconds .

========================================================================
Received Import Request.
  Time since last request: 0.000344 seconds.
  path: Assets/Ultimate 10 Plus Shaders/Scenes/Review/ReflectionProbe-0.exr
  artifactKey: Guid(c142d76881c29474abb3e38b3fd19c00) Importer(815301076,1909f56bfc062723c751e8b465ee728b)
Start importing Assets/Ultimate 10 Plus Shaders/Scenes/Review/ReflectionProbe-0.exr using Guid(c142d76881c29474abb3e38b3fd19c00) Importer(815301076,1909f56bfc062723c751e8b465ee728b)  -> (artifact id: '54b1bd9ca95f3359301351ab2690a8f0') in 0.344753 seconds
  Import took 0.376703 seconds .

========================================================================
Received Import Request.
  Time since last request: 0.000516 seconds.
  path: Assets/EffectTexturesAndPrefabs/Textures/star_B.png
  artifactKey: Guid(a692e8fb04fe88f48b87e461b9e8409d) Importer(815301076,1909f56bfc062723c751e8b465ee728b)
Start importing Assets/EffectTexturesAndPrefabs/Textures/star_B.png using Guid(a692e8fb04fe88f48b87e461b9e8409d) Importer(815301076,1909f56bfc062723c751e8b465ee728b)  -> (artifact id: '29fa45578782542f31e02cbff54cfd49') in 0.036993 seconds
  Import took 0.053883 seconds .

========================================================================
Received Import Request.
  Time since last request: 0.000244 seconds.
  path: Assets/EffectTexturesAndPrefabs/Textures/smoke_n.png
  artifactKey: Guid(4cf38eda12d49f54d83a8d3de778eab9) Importer(815301076,1909f56bfc062723c751e8b465ee728b)
Start importing Assets/EffectTexturesAndPrefabs/Textures/smoke_n.png using Guid(4cf38eda12d49f54d83a8d3de778eab9) Importer(815301076,1909f56bfc062723c751e8b465ee728b)  -> (artifact id: '1ce5e99e2f27a192ca598393af2b5849') in 0.043578 seconds
  Import took 0.046473 seconds .

========================================================================
Received Import Request.
  Time since last request: 0.000259 seconds.
  path: Assets/EffectTexturesAndPrefabs/Textures/particle_A.png
  artifactKey: Guid(7a034c8d003ebef4d89457c73317547b) Importer(815301076,1909f56bfc062723c751e8b465ee728b)
Start importing Assets/EffectTexturesAndPrefabs/Textures/particle_A.png using Guid(7a034c8d003ebef4d89457c73317547b) Importer(815301076,1909f56bfc062723c751e8b465ee728b)  -> (artifact id: '9d4fe790995ee135b885f7c7b4c9ed61') in 0.039413 seconds
  Import took 0.067477 seconds .

========================================================================
Received Import Request.
  Time since last request: 0.000196 seconds.
  path: Assets/Real Stars Skybox/StarSkybox04Named/StarSkybox04Named2.png
  artifactKey: Guid(cc26d520115a6a547b7be689f90fb8f2) Importer(815301076,1909f56bfc062723c751e8b465ee728b)
Start importing Assets/Real Stars Skybox/StarSkybox04Named/StarSkybox04Named2.png using Guid(cc26d520115a6a547b7be689f90fb8f2) Importer(815301076,1909f56bfc062723c751e8b465ee728b)  -> (artifact id: 'ce7547a89b3fea6d684bea119cbfa705') in 0.064616 seconds
  Import took 0.066798 seconds .

========================================================================
Received Import Request.
  Time since last request: 0.000233 seconds.
  path: Assets/Real Stars Skybox/StarSkybox04NamedConstell/StarSkybox04NamedConstell3.png
  artifactKey: Guid(9cd21000384bca14bbac1e6d1c07063d) Importer(815301076,1909f56bfc062723c751e8b465ee728b)
Start importing Assets/Real Stars Skybox/StarSkybox04NamedConstell/StarSkybox04NamedConstell3.png using Guid(9cd21000384bca14bbac1e6d1c07063d) Importer(815301076,1909f56bfc062723c751e8b465ee728b)  -> (artifact id: '9f2a5718d0c7f1c9ab4849687335af5b') in 0.104652 seconds
  Import took 0.106913 seconds .

========================================================================
Received Import Request.
  Time since last request: 0.000262 seconds.
  path: Assets/_Barking_Dog/3D Free Modular Kit/_Textures/Metal_01.tif
  artifactKey: Guid(1d3de45b986d240139bd085299915265) Importer(815301076,1909f56bfc062723c751e8b465ee728b)
Start importing Assets/_Barking_Dog/3D Free Modular Kit/_Textures/Metal_01.tif using Guid(1d3de45b986d240139bd085299915265) Importer(815301076,1909f56bfc062723c751e8b465ee728b)  -> (artifact id: '872d3d584170c87c6b4b0a7221cfc057') in 0.035984 seconds
  Import took 0.038858 seconds .

========================================================================
Received Import Request.
  Time since last request: 0.000332 seconds.
  path: Assets/EffectTexturesAndPrefabs/Textures/star_A.png
  artifactKey: Guid(2a333df97c48b2b4e9610c526a3c3e5e) Importer(815301076,1909f56bfc062723c751e8b465ee728b)
Start importing Assets/EffectTexturesAndPrefabs/Textures/star_A.png using Guid(2a333df97c48b2b4e9610c526a3c3e5e) Importer(815301076,1909f56bfc062723c751e8b465ee728b)  -> (artifact id: 'd17fc0d970704978cb55f8b27f0fb2e7') in 0.059761 seconds
  Import took 0.071682 seconds .

========================================================================
Received Import Request.
  Time since last request: 0.000342 seconds.
  path: Assets/Ultimate 10 Plus Shaders/Scenes/Review/Lightmap-1_comp_shadowmask.png
  artifactKey: Guid(21c445e0b8945a74ab87974421bb9ac5) Importer(815301076,1909f56bfc062723c751e8b465ee728b)
Start importing Assets/Ultimate 10 Plus Shaders/Scenes/Review/Lightmap-1_comp_shadowmask.png using Guid(21c445e0b8945a74ab87974421bb9ac5) Importer(815301076,1909f56bfc062723c751e8b465ee728b)  -> (artifact id: '89ac9879a369368c80e89ceabc22629d') in 0.050762 seconds
  Import took 0.077438 seconds .

========================================================================
Received Import Request.
  Time since last request: 0.000237 seconds.
  path: Assets/Real Stars Skybox/StarSkybox04/StarSkybox042.png
  artifactKey: Guid(31ec1046449e0724ab9f74f07c8d0bb6) Importer(815301076,1909f56bfc062723c751e8b465ee728b)
Start importing Assets/Real Stars Skybox/StarSkybox04/StarSkybox042.png using Guid(31ec1046449e0724ab9f74f07c8d0bb6) Importer(815301076,1909f56bfc062723c751e8b465ee728b)  -> (artifact id: 'dcceaa2c157bc280fe864e60e30a27c5') in 0.012903 seconds
  Import took 0.020518 seconds .

========================================================================
Received Import Request.
  Time since last request: 0.000488 seconds.
  path: Assets/Real Stars Skybox/StarSkybox04/StarSkybox045.png
  artifactKey: Guid(bc8f9c3d8de49024bab7c4052cbd81b0) Importer(815301076,1909f56bfc062723c751e8b465ee728b)
Start importing Assets/Real Stars Skybox/StarSkybox04/StarSkybox045.png using Guid(bc8f9c3d8de49024bab7c4052cbd81b0) Importer(815301076,1909f56bfc062723c751e8b465ee728b)  -> (artifact id: '86f48c2c28fcfd7bb26fc15dbc70bccc') in 0.012446 seconds
  Import took 0.014547 seconds .

========================================================================
Received Import Request.
  Time since last request: 0.000238 seconds.
  path: Assets/Real Stars Skybox/StarSkybox04NamedConstell/StarSkybox04NamedConstell6.png
  artifactKey: Guid(8618acc75ce91dc4494071915deab9c0) Importer(815301076,1909f56bfc062723c751e8b465ee728b)
Start importing Assets/Real Stars Skybox/StarSkybox04NamedConstell/StarSkybox04NamedConstell6.png using Guid(8618acc75ce91dc4494071915deab9c0) Importer(815301076,1909f56bfc062723c751e8b465ee728b)  -> (artifact id: 'abbfb3e3bd2d52830bd1b247d4e03aa5') in 0.101517 seconds
  Import took 0.104065 seconds .

========================================================================
Received Import Request.
  Time since last request: 0.000284 seconds.
  path: Assets/Ultimate 10 Plus Shaders/Materials/Textures/rock.png
  artifactKey: Guid(1d557bc533f5684438d25d03042b1025) Importer(815301076,1909f56bfc062723c751e8b465ee728b)
Start importing Assets/Ultimate 10 Plus Shaders/Materials/Textures/rock.png using Guid(1d557bc533f5684438d25d03042b1025) Importer(815301076,1909f56bfc062723c751e8b465ee728b)  -> (artifact id: '211eb1f2738c039d9bb656a10300947a') in 0.069441 seconds
  Import took 0.085112 seconds .

========================================================================
Received Import Request.
  Time since last request: 0.000249 seconds.
  path: Assets/Ultimate 10 Plus Shaders/Materials/Textures/Rock1_nmp.tif
  artifactKey: Guid(42c12cb55ddd98245a0b2c96121c8a5a) Importer(815301076,1909f56bfc062723c751e8b465ee728b)
Start importing Assets/Ultimate 10 Plus Shaders/Materials/Textures/Rock1_nmp.tif using Guid(42c12cb55ddd98245a0b2c96121c8a5a) Importer(815301076,1909f56bfc062723c751e8b465ee728b)  -> (artifact id: '4f47eb247e5a7cf66fa30ee4f69272b0') in 0.122357 seconds
  Import took 0.139430 seconds .

========================================================================
Received Import Request.
  Time since last request: 0.000318 seconds.
  path: Assets/Real Stars Skybox/StarSkybox04/StarSkybox043.png
  artifactKey: Guid(ea43e4f309217a34b8d06ce34f5da50e) Importer(815301076,1909f56bfc062723c751e8b465ee728b)
Start importing Assets/Real Stars Skybox/StarSkybox04/StarSkybox043.png using Guid(ea43e4f309217a34b8d06ce34f5da50e) Importer(815301076,1909f56bfc062723c751e8b465ee728b)  -> (artifact id: 'd28f875031942c2fee17a1614f0d37c4') in 0.011981 seconds
  Import took 0.019644 seconds .

========================================================================
Received Import Request.
  Time since last request: 0.000362 seconds.
  path: Assets/Real Stars Skybox/StarSkybox04Named/StarSkybox04Named3.png
  artifactKey: Guid(a2b03e4b2c0f0ed4b9646579fbdc3f2e) Importer(815301076,1909f56bfc062723c751e8b465ee728b)
Start importing Assets/Real Stars Skybox/StarSkybox04Named/StarSkybox04Named3.png using Guid(a2b03e4b2c0f0ed4b9646579fbdc3f2e) Importer(815301076,1909f56bfc062723c751e8b465ee728b)  -> (artifact id: '012cda6013724b400182cde9c102bb9f') in 0.058184 seconds
  Import took 0.061020 seconds .

========================================================================
Received Import Request.
  Time since last request: 0.000296 seconds.
  path: Assets/Real Stars Skybox/StarSkybox04NamedConstell/StarSkybox04NamedConstell2.png
  artifactKey: Guid(daee3db1a1d3c3346bfe8c6ae1577d09) Importer(815301076,1909f56bfc062723c751e8b465ee728b)
Start importing Assets/Real Stars Skybox/StarSkybox04NamedConstell/StarSkybox04NamedConstell2.png using Guid(daee3db1a1d3c3346bfe8c6ae1577d09) Importer(815301076,1909f56bfc062723c751e8b465ee728b)  -> (artifact id: '5b26cca0c8ee97b425347a3e665c7026') in 0.076551 seconds
  Import took 0.093178 seconds .

========================================================================
Received Import Request.
  Time since last request: 0.000255 seconds.
  path: Assets/EffectTexturesAndPrefabs/Textures/ShockWave.png
  artifactKey: Guid(068fda816d1984c4d9d66984ad9d3a03) Importer(815301076,1909f56bfc062723c751e8b465ee728b)
Start importing Assets/EffectTexturesAndPrefabs/Textures/ShockWave.png using Guid(068fda816d1984c4d9d66984ad9d3a03) Importer(815301076,1909f56bfc062723c751e8b465ee728b)  -> (artifact id: '3fd9fccdeeb2dc3aef983be0061e00ab') in 0.013592 seconds
  Import took 0.015593 seconds .

========================================================================
Received Import Request.
  Time since last request: 0.000296 seconds.
  path: Assets/Real Stars Skybox/StarSkybox04NamedConstell/StarSkybox04NamedConstell4.png
  artifactKey: Guid(a286e1629b6f5414d8cc5f6f27dbc131) Importer(815301076,1909f56bfc062723c751e8b465ee728b)
Start importing Assets/Real Stars Skybox/StarSkybox04NamedConstell/StarSkybox04NamedConstell4.png using Guid(a286e1629b6f5414d8cc5f6f27dbc131) Importer(815301076,1909f56bfc062723c751e8b465ee728b)  -> (artifact id: 'fb9a4c92ad7f52d514df6232b2364c77') in 0.055502 seconds
  Import took 0.067717 seconds .

========================================================================
Received Import Request.
  Time since last request: 0.000226 seconds.
  path: Assets/Ultimate 10 Plus Shaders/Materials/Textures/noise2.png
  artifactKey: Guid(fccc6818be225674382d96933708d421) Importer(815301076,1909f56bfc062723c751e8b465ee728b)
Start importing Assets/Ultimate 10 Plus Shaders/Materials/Textures/noise2.png using Guid(fccc6818be225674382d96933708d421) Importer(815301076,1909f56bfc062723c751e8b465ee728b)  -> (artifact id: 'f04242e21906105e8a09e3d252ab7779') in 0.097450 seconds
  Import took 0.114106 seconds .

========================================================================
Received Import Request.
  Time since last request: 0.000589 seconds.
  path: Assets/Ultimate 10 Plus Shaders/Scenes/Review/ReflectionProbe-1.exr
  artifactKey: Guid(d04432a5637999647b22ce2782c0863b) Importer(815301076,1909f56bfc062723c751e8b465ee728b)
Start importing Assets/Ultimate 10 Plus Shaders/Scenes/Review/ReflectionProbe-1.exr using Guid(d04432a5637999647b22ce2782c0863b) Importer(815301076,1909f56bfc062723c751e8b465ee728b)  -> (artifact id: 'e126645ca9244429d82c922de74bfbb7') in 0.052143 seconds
  Import took 0.054916 seconds .

========================================================================
Received Import Request.
  Time since last request: 0.000222 seconds.
  path: Assets/EffectTexturesAndPrefabs/Textures/smoke_thin.png
  artifactKey: Guid(90dbf173ff255434d8191e5cbbe24576) Importer(815301076,1909f56bfc062723c751e8b465ee728b)
Start importing Assets/EffectTexturesAndPrefabs/Textures/smoke_thin.png using Guid(90dbf173ff255434d8191e5cbbe24576) Importer(815301076,1909f56bfc062723c751e8b465ee728b)  -> (artifact id: 'c52cab3e0f3f752874dbb622e57061e5') in 0.047851 seconds
  Import took 0.064359 seconds .

========================================================================
Received Import Request.
  Time since last request: 0.000252 seconds.
  path: Assets/EffectTexturesAndPrefabs/Textures/smoke_thick.png
  artifactKey: Guid(e21987f0672043a459d97b5331c087e9) Importer(815301076,1909f56bfc062723c751e8b465ee728b)
Start importing Assets/EffectTexturesAndPrefabs/Textures/smoke_thick.png using Guid(e21987f0672043a459d97b5331c087e9) Importer(815301076,1909f56bfc062723c751e8b465ee728b)  -> (artifact id: 'd8925e302c0beb1cc0b05d043c375ee7') in 0.033073 seconds
  Import took 0.035390 seconds .

========================================================================
Received Import Request.
  Time since last request: 0.000282 seconds.
  path: Assets/Real Stars Skybox/StarSkybox04Named/StarSkybox04Named1.png
  artifactKey: Guid(1b5491d7d8c0c684a8d4827a8473b1d5) Importer(815301076,1909f56bfc062723c751e8b465ee728b)
Start importing Assets/Real Stars Skybox/StarSkybox04Named/StarSkybox04Named1.png using Guid(1b5491d7d8c0c684a8d4827a8473b1d5) Importer(815301076,1909f56bfc062723c751e8b465ee728b)  -> (artifact id: '05bbb7b70538ab7654be8195c487a7f7') in 0.068951 seconds
  Import took 0.088995 seconds .

========================================================================
Received Import Request.
  Time since last request: 0.000228 seconds.
  path: Assets/_Barking_Dog/3D Free Modular Kit/_Textures/Neon.png
  artifactKey: Guid(b5c9448ddba954bc0afcc5c19cf42525) Importer(815301076,1909f56bfc062723c751e8b465ee728b)
Start importing Assets/_Barking_Dog/3D Free Modular Kit/_Textures/Neon.png using Guid(b5c9448ddba954bc0afcc5c19cf42525) Importer(815301076,1909f56bfc062723c751e8b465ee728b)  -> (artifact id: '06832320425218c69b2da0b3745a86ca') in 0.027197 seconds
  Import took 0.040750 seconds .

========================================================================
Received Import Request.
  Time since last request: 0.000226 seconds.
  path: Assets/Real Stars Skybox/StarSkybox04NamedConstell/StarSkybox04NamedConstell5.png
  artifactKey: Guid(e2f3c15f1dd8f4d40b0dc5815e0a17e7) Importer(815301076,1909f56bfc062723c751e8b465ee728b)
Start importing Assets/Real Stars Skybox/StarSkybox04NamedConstell/StarSkybox04NamedConstell5.png using Guid(e2f3c15f1dd8f4d40b0dc5815e0a17e7) Importer(815301076,1909f56bfc062723c751e8b465ee728b)  -> (artifact id: '15421e685bd4ce5540f517cccfbaf8aa') in 0.072481 seconds
  Import took 0.086578 seconds .

========================================================================
Received Import Request.
  Time since last request: 0.000295 seconds.
  path: Assets/Real Stars Skybox/StarSkybox04Named/StarSkybox04Named6.png
  artifactKey: Guid(3169cbab7bd82fb4e889ad1d3f30ddc1) Importer(815301076,1909f56bfc062723c751e8b465ee728b)
Start importing Assets/Real Stars Skybox/StarSkybox04Named/StarSkybox04Named6.png using Guid(3169cbab7bd82fb4e889ad1d3f30ddc1) Importer(815301076,1909f56bfc062723c751e8b465ee728b)  -> (artifact id: '691bbf09bc9803c155e6ed48d2d0e959') in 0.069359 seconds
  Import took 0.087869 seconds .

========================================================================
Received Import Request.
  Time since last request: 0.000370 seconds.
  path: Assets/Real Stars Skybox/StarSkybox04NamedConstell/StarSkybox04NamedConstell1.png
  artifactKey: Guid(14dc5b7e061db634287a9d257530bb56) Importer(815301076,1909f56bfc062723c751e8b465ee728b)
Start importing Assets/Real Stars Skybox/StarSkybox04NamedConstell/StarSkybox04NamedConstell1.png using Guid(14dc5b7e061db634287a9d257530bb56) Importer(815301076,1909f56bfc062723c751e8b465ee728b)  -> (artifact id: '6f1a88cb7b089e90ae8358af662cee4f') in 0.064468 seconds
  Import took 0.090905 seconds .

========================================================================
Received Import Request.
  Time since last request: 0.000317 seconds.
  path: Assets/Ultimate 10 Plus Shaders/Materials/Textures/noise1.png
  artifactKey: Guid(39a00f3a4d887cc448b5d165b19938eb) Importer(815301076,1909f56bfc062723c751e8b465ee728b)
Start importing Assets/Ultimate 10 Plus Shaders/Materials/Textures/noise1.png using Guid(39a00f3a4d887cc448b5d165b19938eb) Importer(815301076,1909f56bfc062723c751e8b465ee728b)  -> (artifact id: 'e11c6772aaa66deb8ec7727816b2ddd0') in 0.047883 seconds
  Import took 0.050206 seconds .

========================================================================
Received Import Request.
  Time since last request: 0.000221 seconds.
  path: Assets/Real Stars Skybox/StarSkybox04/StarSkybox044.png
  artifactKey: Guid(d4d865ffc05192e4d8a5e8a52a02eb3c) Importer(815301076,1909f56bfc062723c751e8b465ee728b)
Start importing Assets/Real Stars Skybox/StarSkybox04/StarSkybox044.png using Guid(d4d865ffc05192e4d8a5e8a52a02eb3c) Importer(815301076,1909f56bfc062723c751e8b465ee728b)  -> (artifact id: 'ff9d2776a304a7b2260c28ea899ad5aa') in 0.024512 seconds
  Import took 0.040100 seconds .

========================================================================
Received Import Request.
  Time since last request: 0.000290 seconds.
  path: Assets/Real Stars Skybox/StarSkybox04Named/StarSkybox04Named5.png
  artifactKey: Guid(5a335a020961242499ce58f2b87ea0d5) Importer(815301076,1909f56bfc062723c751e8b465ee728b)
Start importing Assets/Real Stars Skybox/StarSkybox04Named/StarSkybox04Named5.png using Guid(5a335a020961242499ce58f2b87ea0d5) Importer(815301076,1909f56bfc062723c751e8b465ee728b)  -> (artifact id: '92c72e52ebb7ce3b8dce14f00366cbc0') in 0.071288 seconds
  Import took 0.088906 seconds .

========================================================================
Received Import Request.
  Time since last request: 0.000598 seconds.
  path: Assets/Real Stars Skybox/StarSkybox04/StarSkybox046.png
  artifactKey: Guid(16ae4d25f079e384dacef7c5eb98a168) Importer(815301076,1909f56bfc062723c751e8b465ee728b)
Start importing Assets/Real Stars Skybox/StarSkybox04/StarSkybox046.png using Guid(16ae4d25f079e384dacef7c5eb98a168) Importer(815301076,1909f56bfc062723c751e8b465ee728b)  -> (artifact id: 'd7ca2a95655c3226373cf69c931d4a9a') in 0.021550 seconds
  Import took 0.025716 seconds .

========================================================================
Received Import Request.
  Time since last request: 0.000249 seconds.
  path: Assets/Ultimate 10 Plus Shaders/Materials/Textures/Rock1.tif
  artifactKey: Guid(d0692a948ca573d4cb0b93ffb1c8a033) Importer(815301076,1909f56bfc062723c751e8b465ee728b)
Start importing Assets/Ultimate 10 Plus Shaders/Materials/Textures/Rock1.tif using Guid(d0692a948ca573d4cb0b93ffb1c8a033) Importer(815301076,1909f56bfc062723c751e8b465ee728b)  -> (artifact id: 'cace9508b6ac9677b4e0f62088d57d02') in 0.072330 seconds
  Import took 0.075202 seconds .

========================================================================
Received Import Request.
  Time since last request: 0.000264 seconds.
  path: Assets/EffectTexturesAndPrefabs/Textures/slash.png
  artifactKey: Guid(114545a4b70d362468dce7ca6f39e659) Importer(815301076,1909f56bfc062723c751e8b465ee728b)
Start importing Assets/EffectTexturesAndPrefabs/Textures/slash.png using Guid(114545a4b70d362468dce7ca6f39e659) Importer(815301076,1909f56bfc062723c751e8b465ee728b)  -> (artifact id: '751152174059b98a9e85a864eb178547') in 0.030252 seconds
  Import took 0.042625 seconds .

========================================================================
Received Import Request.
  Time since last request: 0.000441 seconds.
  path: Assets/Real Stars Skybox/StarSkybox04Named/StarSkybox04Named4.png
  artifactKey: Guid(f479446fdaba63147be06b118936fde0) Importer(815301076,1909f56bfc062723c751e8b465ee728b)
Start importing Assets/Real Stars Skybox/StarSkybox04Named/StarSkybox04Named4.png using Guid(f479446fdaba63147be06b118936fde0) Importer(815301076,1909f56bfc062723c751e8b465ee728b)  -> (artifact id: 'b7ef09b912d21b4f6113f89037791fce') in 0.070882 seconds
  Import took 0.088853 seconds .

========================================================================
Received Import Request.
  Time since last request: 0.000617 seconds.
  path: Assets/EffectTexturesAndPrefabs/Textures/SparkParticle.png
  artifactKey: Guid(d9967c20ed8721d4fae012da762cd471) Importer(815301076,1909f56bfc062723c751e8b465ee728b)
Start importing Assets/EffectTexturesAndPrefabs/Textures/SparkParticle.png using Guid(d9967c20ed8721d4fae012da762cd471) Importer(815301076,1909f56bfc062723c751e8b465ee728b)  -> (artifact id: '98d7b5d4ec5af1bdb23682508cd89781') in 0.040136 seconds
  Import took 0.060526 seconds .

========================================================================
Received Import Request.
  Time since last request: 0.000235 seconds.
  path: Assets/Ultimate 10 Plus Shaders/Materials/Textures/prototype_512x512_grey4.png
  artifactKey: Guid(ed0c2c8a99e92e14ba740ac8aa428288) Importer(815301076,1909f56bfc062723c751e8b465ee728b)
Start importing Assets/Ultimate 10 Plus Shaders/Materials/Textures/prototype_512x512_grey4.png using Guid(ed0c2c8a99e92e14ba740ac8aa428288) Importer(815301076,1909f56bfc062723c751e8b465ee728b)  -> (artifact id: '13e37cd25d014707264d67c0aca94dc1') in 0.032351 seconds
  Import took 0.051667 seconds .

========================================================================
Received Import Request.
  Time since last request: 0.000485 seconds.
  path: Assets/EffectTexturesAndPrefabs/Textures/MuzzleFlash.tga
  artifactKey: Guid(76c091cfa73cb7e43b5e3a696b08e723) Importer(815301076,1909f56bfc062723c751e8b465ee728b)
Start importing Assets/EffectTexturesAndPrefabs/Textures/MuzzleFlash.tga using Guid(76c091cfa73cb7e43b5e3a696b08e723) Importer(815301076,1909f56bfc062723c751e8b465ee728b)  -> (artifact id: 'ee0a3a031905312167db52b291695213') in 0.033947 seconds
  Import took 0.036374 seconds .

========================================================================
Received Import Request.
  Time since last request: 0.000329 seconds.
  path: Assets/Real Stars Skybox/StarSkybox04/StarSkybox041.png
  artifactKey: Guid(fcd92899f9fb6a0468bcb56a38dd4a4d) Importer(815301076,1909f56bfc062723c751e8b465ee728b)
Start importing Assets/Real Stars Skybox/StarSkybox04/StarSkybox041.png using Guid(fcd92899f9fb6a0468bcb56a38dd4a4d) Importer(815301076,1909f56bfc062723c751e8b465ee728b)  -> (artifact id: '4587ee8f02e43f5f5414f3ec3f87c088') in 0.013465 seconds
  Import took 0.022196 seconds .

========================================================================
Received Prepare
Registering precompiled user dll's ...
Registered in 0.002860 seconds.
Begin MonoManager ReloadAssembly
Native extension for WindowsStandalone target not found
Refreshing native plugins compatible for Editor in 0.28 ms, found 0 plugins.
Preloading 0 native plugins for Editor in 0.00 ms.
Mono: successfully reloaded assembly
- Completed reload, in  0.818 seconds
Platform modules already initialized, skipping
Refreshing native plugins compatible for Editor in 0.26 ms, found 0 plugins.
Preloading 0 native plugins for Editor in 0.00 ms.
Unloading 1286 Unused Serialized files (Serialized files now loaded: 0)
System memory in use before: 144.4 MB.
System memory in use after: 144.5 MB.

Unloading 8 unused Assets to reduce memory usage. Loaded Objects now: 1825.
Total: 1.737700 ms (FindLiveObjects: 0.228300 ms CreateObjectMapping: 0.055300 ms MarkObjects: 1.382300 ms  DeleteObjects: 0.071000 ms)

========================================================================
Received Prepare
Registering precompiled user dll's ...
Registered in 0.001749 seconds.
Begin MonoManager ReloadAssembly
Native extension for WindowsStandalone target not found
Refreshing native plugins compatible for Editor in 0.25 ms, found 0 plugins.
Preloading 0 native plugins for Editor in 0.00 ms.
Mono: successfully reloaded assembly
- Completed reload, in  0.822 seconds
Platform modules already initialized, skipping
Refreshing native plugins compatible for Editor in 0.24 ms, found 0 plugins.
Preloading 0 native plugins for Editor in 0.00 ms.
Unloading 1286 Unused Serialized files (Serialized files now loaded: 0)
System memory in use before: 144.4 MB.
System memory in use after: 144.5 MB.

Unloading 8 unused Assets to reduce memory usage. Loaded Objects now: 1828.
Total: 1.643300 ms (FindLiveObjects: 0.136100 ms CreateObjectMapping: 0.038600 ms MarkObjects: 1.390300 ms  DeleteObjects: 0.077400 ms)

========================================================================
Received Prepare
Registering precompiled user dll's ...
Registered in 0.001892 seconds.
Begin MonoManager ReloadAssembly
Native extension for WindowsStandalone target not found
Refreshing native plugins compatible for Editor in 0.41 ms, found 0 plugins.
Preloading 0 native plugins for Editor in 0.00 ms.
Mono: successfully reloaded assembly
- Completed reload, in  1.005 seconds
Platform modules already initialized, skipping
Refreshing native plugins compatible for Editor in 0.65 ms, found 0 plugins.
Preloading 0 native plugins for Editor in 0.00 ms.
Unloading 1286 Unused Serialized files (Serialized files now loaded: 0)
System memory in use before: 144.4 MB.
System memory in use after: 144.5 MB.

Unloading 8 unused Assets to reduce memory usage. Loaded Objects now: 1831.
Total: 2.092800 ms (FindLiveObjects: 0.165400 ms CreateObjectMapping: 0.050200 ms MarkObjects: 1.798800 ms  DeleteObjects: 0.077400 ms)

========================================================================
Received Prepare
Registering precompiled user dll's ...
Registered in 0.001966 seconds.
Begin MonoManager ReloadAssembly
Native extension for WindowsStandalone target not found
Refreshing native plugins compatible for Editor in 0.26 ms, found 0 plugins.
Preloading 0 native plugins for Editor in 0.00 ms.
Mono: successfully reloaded assembly
- Completed reload, in  0.805 seconds
Platform modules already initialized, skipping
Refreshing native plugins compatible for Editor in 0.27 ms, found 0 plugins.
Preloading 0 native plugins for Editor in 0.00 ms.
Unloading 1286 Unused Serialized files (Serialized files now loaded: 0)
System memory in use before: 144.4 MB.
System memory in use after: 144.5 MB.

Unloading 8 unused Assets to reduce memory usage. Loaded Objects now: 1834.
Total: 1.696200 ms (FindLiveObjects: 0.194000 ms CreateObjectMapping: 0.046400 ms MarkObjects: 1.383700 ms  DeleteObjects: 0.071300 ms)

========================================================================
Received Import Request.
  Time since last request: 612.735869 seconds.
  path: Assets/3D/Personagem/Animation/Button Pushing.fbx
  artifactKey: Guid(8b614c4ac09ff3f4c8c250f28b3df206) Importer(815301076,1909f56bfc062723c751e8b465ee728b)
Start importing Assets/3D/Personagem/Animation/Button Pushing.fbx using Guid(8b614c4ac09ff3f4c8c250f28b3df206) Importer(815301076,1909f56bfc062723c751e8b465ee728b)  -> (artifact id: '19bb8f246d077b2649eeeb663b24f002') in 0.174679 seconds
  Import took 0.189102 seconds .

========================================================================
Received Prepare
Registering precompiled user dll's ...
Registered in 0.001770 seconds.
Begin MonoManager ReloadAssembly
Native extension for WindowsStandalone target not found
Refreshing native plugins compatible for Editor in 0.25 ms, found 0 plugins.
Preloading 0 native plugins for Editor in 0.00 ms.
Mono: successfully reloaded assembly
- Completed reload, in  0.811 seconds
Platform modules already initialized, skipping
Refreshing native plugins compatible for Editor in 0.25 ms, found 0 plugins.
Preloading 0 native plugins for Editor in 0.00 ms.
Unloading 1286 Unused Serialized files (Serialized files now loaded: 0)
System memory in use before: 144.5 MB.
System memory in use after: 144.5 MB.

Unloading 8 unused Assets to reduce memory usage. Loaded Objects now: 1837.
Total: 2.054500 ms (FindLiveObjects: 0.137000 ms CreateObjectMapping: 0.041200 ms MarkObjects: 1.797800 ms  DeleteObjects: 0.077600 ms)

========================================================================
Received Prepare
Registering precompiled user dll's ...
Registered in 0.001913 seconds.
Begin MonoManager ReloadAssembly
Native extension for WindowsStandalone target not found
Refreshing native plugins compatible for Editor in 0.24 ms, found 0 plugins.
Preloading 0 native plugins for Editor in 0.00 ms.
Mono: successfully reloaded assembly
- Completed reload, in  0.903 seconds
Platform modules already initialized, skipping
Refreshing native plugins compatible for Editor in 0.57 ms, found 0 plugins.
Preloading 0 native plugins for Editor in 0.00 ms.
Unloading 1286 Unused Serialized files (Serialized files now loaded: 0)
System memory in use before: 144.5 MB.
System memory in use after: 144.6 MB.

Unloading 8 unused Assets to reduce memory usage. Loaded Objects now: 1840.
Total: 1.759400 ms (FindLiveObjects: 0.151800 ms CreateObjectMapping: 0.047300 ms MarkObjects: 1.479900 ms  DeleteObjects: 0.079200 ms)

========================================================================
Received Prepare
Registering precompiled user dll's ...
Registered in 0.001699 seconds.
Begin MonoManager ReloadAssembly
Native extension for WindowsStandalone target not found
Refreshing native plugins compatible for Editor in 0.44 ms, found 0 plugins.
Preloading 0 native plugins for Editor in 0.00 ms.
Mono: successfully reloaded assembly
- Completed reload, in  0.802 seconds
Platform modules already initialized, skipping
Refreshing native plugins compatible for Editor in 0.27 ms, found 0 plugins.
Preloading 0 native plugins for Editor in 0.00 ms.
Unloading 1286 Unused Serialized files (Serialized files now loaded: 0)
System memory in use before: 144.5 MB.
System memory in use after: 144.6 MB.

Unloading 8 unused Assets to reduce memory usage. Loaded Objects now: 1843.
Total: 1.591800 ms (FindLiveObjects: 0.152000 ms CreateObjectMapping: 0.039400 ms MarkObjects: 1.318400 ms  DeleteObjects: 0.080600 ms)

========================================================================
Received Prepare
Registering precompiled user dll's ...
Registered in 0.004370 seconds.
Begin MonoManager ReloadAssembly
Native extension for WindowsStandalone target not found
Refreshing native plugins compatible for Editor in 0.42 ms, found 0 plugins.
Preloading 0 native plugins for Editor in 0.00 ms.
Mono: successfully reloaded assembly
- Completed reload, in  1.094 seconds
Platform modules already initialized, skipping
Refreshing native plugins compatible for Editor in 0.41 ms, found 0 plugins.
Preloading 0 native plugins for Editor in 0.00 ms.
Unloading 1286 Unused Serialized files (Serialized files now loaded: 0)
System memory in use before: 144.5 MB.
System memory in use after: 144.6 MB.

Unloading 8 unused Assets to reduce memory usage. Loaded Objects now: 1846.
Total: 2.762600 ms (FindLiveObjects: 0.336000 ms CreateObjectMapping: 0.095100 ms MarkObjects: 2.202300 ms  DeleteObjects: 0.127200 ms)

========================================================================
Received Prepare
Registering precompiled user dll's ...
Registered in 0.002976 seconds.
Begin MonoManager ReloadAssembly
Native extension for WindowsStandalone target not found
Refreshing native plugins compatible for Editor in 0.61 ms, found 0 plugins.
Preloading 0 native plugins for Editor in 0.00 ms.
Mono: successfully reloaded assembly
- Completed reload, in  1.131 seconds
Platform modules already initialized, skipping
Refreshing native plugins compatible for Editor in 0.34 ms, found 0 plugins.
Preloading 0 native plugins for Editor in 0.00 ms.
Unloading 1286 Unused Serialized files (Serialized files now loaded: 0)
System memory in use before: 144.5 MB.
System memory in use after: 144.6 MB.

Unloading 8 unused Assets to reduce memory usage. Loaded Objects now: 1849.
Total: 3.632600 ms (FindLiveObjects: 0.417300 ms CreateObjectMapping: 0.211400 ms MarkObjects: 2.907300 ms  DeleteObjects: 0.094300 ms)

========================================================================
Received Prepare
Registering precompiled user dll's ...
Registered in 0.001918 seconds.
Begin MonoManager ReloadAssembly
Native extension for WindowsStandalone target not found
Refreshing native plugins compatible for Editor in 0.27 ms, found 0 plugins.
Preloading 0 native plugins for Editor in 0.00 ms.
Mono: successfully reloaded assembly
- Completed reload, in  0.784 seconds
Platform modules already initialized, skipping
Refreshing native plugins compatible for Editor in 0.25 ms, found 0 plugins.
Preloading 0 native plugins for Editor in 0.00 ms.
Unloading 1286 Unused Serialized files (Serialized files now loaded: 0)
System memory in use before: 144.5 MB.
System memory in use after: 144.6 MB.

Unloading 8 unused Assets to reduce memory usage. Loaded Objects now: 1852.
Total: 1.513000 ms (FindLiveObjects: 0.133900 ms CreateObjectMapping: 0.039000 ms MarkObjects: 1.269900 ms  DeleteObjects: 0.069600 ms)

========================================================================
Received Prepare
Registering precompiled user dll's ...
Registered in 0.001786 seconds.
Begin MonoManager ReloadAssembly
Native extension for WindowsStandalone target not found
Refreshing native plugins compatible for Editor in 0.24 ms, found 0 plugins.
Preloading 0 native plugins for Editor in 0.00 ms.
Mono: successfully reloaded assembly
- Completed reload, in  0.891 seconds
Platform modules already initialized, skipping
Refreshing native plugins compatible for Editor in 0.24 ms, found 0 plugins.
Preloading 0 native plugins for Editor in 0.00 ms.
Unloading 1286 Unused Serialized files (Serialized files now loaded: 0)
System memory in use before: 144.5 MB.
System memory in use after: 144.6 MB.

Unloading 8 unused Assets to reduce memory usage. Loaded Objects now: 1855.
Total: 1.581900 ms (FindLiveObjects: 0.165300 ms CreateObjectMapping: 0.042000 ms MarkObjects: 1.299500 ms  DeleteObjects: 0.074100 ms)

========================================================================
Received Prepare
Registering precompiled user dll's ...
Registered in 0.001775 seconds.
Begin MonoManager ReloadAssembly
Native extension for WindowsStandalone target not found
Refreshing native plugins compatible for Editor in 0.76 ms, found 0 plugins.
Preloading 0 native plugins for Editor in 0.00 ms.
Mono: successfully reloaded assembly
- Completed reload, in  0.928 seconds
Platform modules already initialized, skipping
Refreshing native plugins compatible for Editor in 0.35 ms, found 0 plugins.
Preloading 0 native plugins for Editor in 0.00 ms.
Unloading 1286 Unused Serialized files (Serialized files now loaded: 0)
System memory in use before: 144.5 MB.
System memory in use after: 144.6 MB.

Unloading 8 unused Assets to reduce memory usage. Loaded Objects now: 1858.
Total: 1.577300 ms (FindLiveObjects: 0.138400 ms CreateObjectMapping: 0.039900 ms MarkObjects: 1.331700 ms  DeleteObjects: 0.066200 ms)

========================================================================
Received Prepare
Registering precompiled user dll's ...
Registered in 0.001774 seconds.
Begin MonoManager ReloadAssembly
Native extension for WindowsStandalone target not found
Refreshing native plugins compatible for Editor in 0.34 ms, found 0 plugins.
Preloading 0 native plugins for Editor in 0.00 ms.
Mono: successfully reloaded assembly
- Completed reload, in  0.836 seconds
Platform modules already initialized, skipping
Refreshing native plugins compatible for Editor in 0.24 ms, found 0 plugins.
Preloading 0 native plugins for Editor in 0.00 ms.
Unloading 1286 Unused Serialized files (Serialized files now loaded: 0)
System memory in use before: 144.5 MB.
System memory in use after: 144.6 MB.

Unloading 8 unused Assets to reduce memory usage. Loaded Objects now: 1861.
Total: 1.894900 ms (FindLiveObjects: 0.267600 ms CreateObjectMapping: 0.046100 ms MarkObjects: 1.502900 ms  DeleteObjects: 0.075100 ms)

